Arguments: 
  /usr/local/Cellar/node/16.2.0/bin/node /usr/local/Cellar/yarn/1.22.10/libexec/bin/yarn.js add --dev react react-native-react-native-paper

PATH: 
  /usr/local/bin:/usr/bin:/bin:/usr/sbin:/sbin:/opt/X11/bin:/Library/Apple/usr/bin:/Users/kuasha/Library/Android/sdk/emulator:/Users/kuasha/Library/Android/sdk/tools:/Users/kuasha/Library/Android/sdk/tools/bin:/Users/kuasha/Library/Android/sdk/platform-tools

Yarn version: 
  1.22.10

Node version: 
  16.2.0

Platform: 
  darwin x64

Trace: 
  Error: https://registry.npmjs.org/react-native-react-native-paper: Not found
      at Request.params.callback [as _callback] (/usr/local/Cellar/yarn/1.22.10/libexec/lib/cli.js:66988:18)
      at Request.self.callback (/usr/local/Cellar/yarn/1.22.10/libexec/lib/cli.js:140749:22)
      at Request.emit (node:events:365:28)
      at Request.<anonymous> (/usr/local/Cellar/yarn/1.22.10/libexec/lib/cli.js:141721:10)
      at Request.emit (node:events:365:28)
      at IncomingMessage.<anonymous> (/usr/local/Cellar/yarn/1.22.10/libexec/lib/cli.js:141643:12)
      at Object.onceWrapper (node:events:471:28)
      at IncomingMessage.emit (node:events:377:35)
      at endReadableNT (node:internal/streams/readable:1312:12)
      at processTicksAndRejections (node:internal/process/task_queues:83:21)

npm manifest: 
  {
    "name": "react-native-paper-dropdown",
    "version": "0.0.5",
    "description": "Dropdown component using React Native Paper TextInput and Menu",
    "files": [
      "dist"
    ],
    "main": "dist/DropDown.js",
    "types": "dist/DropDown.d.ts",
    "scripts": {
      "build": "tsc"
    },
    "repository": {
      "type": "git",
      "url": "git+https://github.com/fateh999/react-native-paper-dropdown.git"
    },
    "keywords": [
      "Dropdown",
      "Material",
      "Dropdown",
      "React",
      "Native",
      "Paper"
    ],
    "author": "Fateh Farooqui",
    "license": "MIT",
    "bugs": {
      "url": "https://github.com/fateh999/react-native-paper-dropdown/issues"
    },
    "homepage": "https://github.com/fateh999/react-native-paper-dropdown#readme",
    "publishConfig": {
      "registry": "https://registry.npmjs.org/"
    },
    "peerDependencies": {
      "react": "*",
      "react-native": "*",
      "react-native-paper": "*"
    }
  }

yarn manifest: 
  No manifest

Lockfile: 
  # THIS IS AN AUTOGENERATED FILE. DO NOT EDIT THIS FILE DIRECTLY.
  # yarn lockfile v1
